<?xml version="1.0" encoding="UTF-8"?>
<!-- Generated by org.testng.reporters.JUnitReportReporter -->
<testsuite hostname="DESKTOP-ROBCICH" failures="0" tests="9" name="com.saucedemo.testcases.TestLoginPage" time="2.478" errors="0" timestamp="2024-07-10T14:39:53 IST" skipped="0">
  <testcase classname="com.saucedemo.testcases.TestLoginPage" name="GenerateRandomUser" time="0.570"/>
  <testcase classname="com.saucedemo.testcases.TestLoginPage" name="ClickOnFinishButton" time="1.277"/>
  <testcase classname="com.saucedemo.testcases.TestLoginPage" name="HompPage" time="0.017"/>
  <testcase classname="com.saucedemo.testcases.TestLoginPage" name="TestClickCartButton" time="0.105"/>
  <testcase classname="com.saucedemo.testcases.TestLoginPage" name="TestClickCheckOutButton" time="0.043"/>
  <testcase classname="com.saucedemo.testcases.TestLoginPage" name="TestVerifyLogin" time="0.259"/>
  <testcase classname="com.saucedemo.testcases.TestLoginPage" name="TestClickProducts" time="0.053"/>
  <testcase classname="com.saucedemo.testcases.TestLoginPage" name="TestClickProducts" time="0.102"/>
  <testcase classname="com.saucedemo.testcases.TestLoginPage" name="TestClickProducts" time="0.052"/>
</testsuite> <!-- com.saucedemo.testcases.TestLoginPage -->
