<?xml version="1.0" encoding="UTF-8"?>
<!-- Generated by org.testng.reporters.JUnitReportReporter -->
<testsuite hostname="DESKTOP-ROBCICH" failures="0" tests="1" name="com.myRunner.testRunner" time="29.108" errors="0" timestamp="2024-07-10T11:58:04 IST" skipped="0">
  <testcase classname="com.myRunner.testRunner" name="runScenario" time="29.108"/>
</testsuite> <!-- com.myRunner.testRunner -->
